<?xml version="1.0" encoding="UTF-8"?>
<!-- Generated by org.testng.reporters.JUnitReportReporter -->
<testsuite hostname="Nisha_Yadav" failures="0" tests="1" name="HealthCare.TestRun" time="54.790" errors="0" timestamp="2025-01-21T20:07:49 IST" skipped="0">
  <testcase classname="HealthCare.TestRun" name="TestExecution" time="54.790"/>
  <system-out/>
</testsuite> <!-- HealthCare.TestRun -->
